texture map
0,0 -> water: 0,0,32,32
1,0 -> sand: 32,0,32,32
2,0 -> rock: 64,0,32,32
3,0 -> grass: 96,0,32,32
4,0 -> gravel: 128,0,32,32
5,0 -> savanah: 160,0,32,32
6,0 -> dirt: 192,0,32,32
7,0 -> NONE: 224,0,32,32
0,1 -> Example: 0,32,32,32
1,1 -> NONE: 32,32,32,32
2,1 -> NONE: 64,32,32,32
3,1 -> NONE: 96,32,32,32
4,1 -> NONE: 128,32,32,32
5,1 -> NONE: 160,32,32,32
6,1 -> NONE: 192,32,32,32
7,1 -> NONE: 224,32,32,32
0,2 -> race.human: 0,64,32,32
1,2 -> race.elf: 32,64,32,32
2,2 -> race.demon: 64,64,32,32
3,2 -> race.beastman: 96,64,32,32
4,2 -> NONE: 128,64,32,32
5,2 -> NONE: 160,64,32,32
6,2 -> NONE: 192,64,32,32
7,2 -> NONE: 224,64,32,32
0,3 -> NONE: 0,96,32,32
1,3 -> NONE: 32,96,32,32
2,3 -> NONE: 64,96,32,32
3,3 -> NONE: 96,96,32,32
4,3 -> NONE: 128,96,32,32
5,3 -> NONE: 160,96,32,32
6,3 -> NONE: 192,96,32,32
7,3 -> NONE: 224,96,32,32
0,4 -> NONE: 0,128,32,32
1,4 -> NONE: 32,128,32,32
2,4 -> NONE: 64,128,32,32
3,4 -> NONE: 96,128,32,32
4,4 -> NONE: 128,128,32,32
5,4 -> NONE: 160,128,32,32
6,4 -> NONE: 192,128,32,32
7,4 -> NONE: 224,128,32,32
0,5 -> NONE: 0,160,32,32
1,5 -> NONE: 32,160,32,32
2,5 -> NONE: 64,160,32,32
3,5 -> NONE: 96,160,32,32
4,5 -> NONE: 128,160,32,32
5,5 -> NONE: 160,160,32,32
6,5 -> NONE: 192,160,32,32
7,5 -> NONE: 224,160,32,32
0,6 -> NONE: 0,192,32,32
1,6 -> NONE: 32,192,32,32
2,6 -> NONE: 64,192,32,32
3,6 -> NONE: 96,192,32,32
4,6 -> NONE: 128,192,32,32
5,6 -> NONE: 160,192,32,32
6,6 -> NONE: 192,192,32,32
7,6 -> NONE: 224,192,32,32
0,7 -> NONE: 0,224,32,32
1,7 -> NONE: 32,224,32,32
2,7 -> NONE: 64,224,32,32
3,7 -> NONE: 96,224,32,32
4,7 -> NONE: 128,224,32,32
5,7 -> NONE: 160,224,32,32
6,7 -> NONE: 192,224,32,32
7,7 -> NONE: 224,224,32,32